C:\euphoria-40\include\machine.e:251 in function allocate_string() 
sequence to be poked must only contain atoms 
    s = {
          {110'n',111'o',116't',101'e',115's',32' ',100'd',101'e',32' ',
112'p',114'r',111'o',106'j',101'e',99'c',116't'}
        }
    mem = 48799928

... called from C:\euphoria-40\work\win32\win32api_unicode\BoardView\..\winnls.ew:939 in function allocate_unicode()  
    string = {
               {110'n',111'o',116't',101'e',115's',32' ',100'd',101'e',32' ',
112'p',114'r',111'o',106'j',101'e',99'c',116't'}
             }
    fn_val = <no value>
    pMultiByte = <no value>
    pWideChar = <no value>
    WideCharSize = <no value>

... called from C:\euphoria-40\work\win32\win32api_unicode\BoardView\..\winuser.ew:3008 in function MessageBox()  
    message = {
                {110'n',111'o',116't',101'e',115's',32' ',100'd',101'e',
32' ',112'p',114'r',111'o',106'j',101'e',99'c',116't'}
              }
    title = {109'm',97'a',110'n',117'u',97'a',108'l',45'-',102'f',114'r',
46'.',104'h',116't',109'm',108'l'}
    flags = 52'4'
    fn_val = <no value>
    pMessage = <no value>
    pTitle = <no value>
    hActiveWindow = 3802106

... called from C:\euphoria-40\work\win32\win32api_unicode\BoardView\BoardView-dlgs.e:387 in function wndproc_LibEdit()  
    hDlg = 3802106
    iMsg = 273
    wParam = 100'd'
    lParam = 4981400
    any = <no value>
    hItemCat = <no value>
    hItemCmp = <no value>
    hSelCmp = <no value>
    cmd = 100'd'
    FileName = {}
    CompName = {}
    CatIdx = 4
    CmpIdx = 0
    hItem = <no value>
    text = <no value>
    idx = <no value>
    name = <no value>
    bitmap = <no value>
    path = <no value>
    idx = <no value>
    name = <no value>
    hImage = <no value>
    hItem = <no value>
    iCat = <no value>
    hItem = <no value>

^^^ call-back from Windows

... called from C:\euphoria-40\work\win32\win32api_unicode\BoardView\..\winuser.ew:3192 in function DialogBoxIndirectParam()  
    hInstance = 4194304
    hTemplate = 48787472
    hParent = 2884686
    lpDlgProc = 3604800
    InitValue = 0

... called from C:\euphoria-40\work\win32\win32api_unicode\BoardView\..\windows.ew:491 in function ModalDialog()  
    hParent = 2884686
    dlgTemplate = {
                    3,
                    {108'l',105'i',98'b',114'r',97'a',105'i',114'r',105'i',
101'e',32' ',100'd',101'e',32' ',99'c',111'o',109'm',112'p',111'o',115's',
97'a',110'n',116't',115's'},
                    100'd',
                    100'd',
                    500,
                    555,
                    0,
                    3604800,
                    {
                      7,
                      {67'C',97'a',116't',233,103'g',111'o',114'r',105'i',
101'e',115's'},
                      10,
                      10,
                      80'P',
                      20,
                      0
                    },
                    {22,{},10,40'(',230,200,200},
                    {
                      7,
                      {110'n',111'o',117'u',118'v',101'e',108'l',108'l',
101'e',32' ',99'c',97'a',116't',233,103'g',111'o',114'r',105'i',101'e'},
                      10,
                      240,
                      150,
                      20,
                      0
                    },
                    {10,{},10,260,180,20,203},
                    {
                      1,
                      {69'E',110'n',114'r',101'e',103'g',105'i',115's',116't',
114'r',101'e',114'r'},
                      10,
                      282,
                      80'P',
                      20,
                      202
                    },
                    {
                      1,
                      {83'S',117'u',112'p',112'p',114'r',105'i',109'm',101'e',
114'r'},
                      100'd',
                      282,
                      80'P',
                      20,
                      208
                    },
                    {
                      7,
                      {67'C',111'o',109'm',112'p',111'o',115's',97'a',110'n',
116't',115's'},
                      260,
                      10,
                      200,
                      20,
                      0
                    },
                    {22,{},260,40'(',230,200,201},
                    {
                      7,
                      {110'n',111'o',117'u',118'v',101'e',97'a',117'u',32' ',
99'c',111'o',109'm',112'p',111'o',115's',97'a',110'n',116't'},
                      260,
                      240,
                      150,
                      20,
                      0
                    },
                    {10,{},260,260,180,20,205},
                    {
                      7,
                      {102'f',105'i',99'c',104'h',105'i',101'e',114'r',32' ',
98'b',105'i',116't',109'm',97'a',112'p'},
                      260,
                      280,
                      100'd',
                      20,
                      0
                    },
                    {10,{},260,300,200,20,206},
                    {
                      1,
                      {46'.',46'.',46'.'},
                      461,
                      300,
                      30,
                      20,
                      207
                    },
                    {
                      1,
                      {69'E',110'n',114'r',101'e',103'g',105'i',115's',116't',
114'r',101'e',114'r'},
                      260,
                      322,
                      80'P',
                      20,
                      204
                    },
                    {
                      1,
                      {83'S',117'u',112'p',112'p',114'r',105'i',109'm',101'e',
114'r'},
                      350,
                      322,
                      80'P',
                      20,
                      209
                    },
                    {
                      1,
                      {79'O',107'k'},
                      110'n',
                      380,
                      80'P',
                      30,
                      100'd'
                    },
                    {
                      1,
                      {65'A',110'n',110'n',117'u',108'l',101'e',114'r'},
                      110'n',
                      450,
                      80'P',
                      30,
                      101'e'
                    },
                    {24,{},260,345,230,200,210}
                  }
    lParam = 0
    void = <no value>
    fn_val = <no value>
    pTemplate = 48787472

... called from C:\euphoria-40\work\win32\win32api_unicode\BoardView\BoardView.exw:1861 in function MainWndProc()  
    hWnd = <no value>
    iMsg = <no value>
    wParam = <no value>
    lParam = <no value>
    cmd = <no value>
    ctrl = <no value>
    any = <no value>
    i = <no value>
    NewColor = <no value>
    i = <no value>
    hDC = <no value>
    OldFont = <no value>
    extent = <no value>

^^^ call-back from Windows

... called from C:\euphoria-40\work\win32\win32api_unicode\BoardView\..\winuser.ew:2676 in procedure DispatchMessage()  
    pMSG = 48157064
    void = <no value>

... called from C:\euphoria-40\work\win32\win32api_unicode\BoardView\BoardView.exw:2174 in function main()  
    fnVal = 0
    pMsg = 48157064

... called from C:\euphoria-40\work\win32\win32api_unicode\BoardView\BoardView.exw:2181 


Public & Export & Global & Local Variables

 C:\euphoria-40\include\misc.e:
    pretty_end_col = <no value>
    pretty_chars = <no value>
    pretty_start_col = <no value>
    pretty_level = <no value>
    pretty_file = <no value>
    pretty_ascii = <no value>
    pretty_indent = <no value>
    pretty_ascii_min = <no value>
    pretty_ascii_max = <no value>
    pretty_line_count = <no value>
    pretty_line_max = <no value>
    pretty_dots = <no value>
    pretty_fp_format = <no value>
    pretty_int_format = <no value>
    pretty_line = <no value>

 C:\euphoria-40\include\machine.e:
    mem = 53002400
    check_calls = 1

 C:\euphoria-40\work\win32\win32api_unicode\BoardView\..\c_helper.ew:
    struct_db = {}
    struct_obj = {}
    struct_error = <no value>

 C:\euphoria-40\work\win32\win32api_unicode\BoardView\..\winnls.ew:
    iMultiByteToWideChar = 30
    iWideCharToMultiByte = 31

 C:\euphoria-40\include\std\memconst.e:
    DEP_really_works = 1
    use_DEP = 1
    FREE_RID = 1
    kernel_dll = <no value>
    memDLL_id = <no value>
    VirtualAlloc_rid = <no value>
    VirtualLock_rid = <no value>
    VirtualUnlock_rid = <no value>
    VirtualProtect_rid = <no value>
    GetLastError_rid = <no value>
    GetSystemInfo_rid = <no value>

 C:\euphoria-40\include\std\memory.e:
    edges_only = <no value>
    check_calls = 1
    VirtualFree_rid = 45'-'

 C:\euphoria-40\include\std\types.e:
    Defined_Sets = {
                     {98'b',99'c',100'd',102'f',103'g',104'h',106'j',107'k',
108'l',109'm',110'n',112'p',113'q',114'r',115's',116't',118'v',119'w',120'x',
121'y',122'z',66'B',67'C',68'D',70'F',71'G',72'H',74'J',75'K',76'L',77'M',
78'N',80'P',81'Q',82'R',83'S',84'T',86'V',87'W',88'X',89'Y',90'Z'},
                     {97'a',101'e',105'i',111'o',117'u',65'A',69'E',73'I',
79'O',85'U'},
                     {
                       {48'0',57'9'},
                       {65'A',70'F'},
                       {97'a',102'f'}
                     },
                     {32' ',9,10,13,11,160},
                     {
                       {32' ',47'/'},
                       {58':',63'?'},
                       {91'[',96'`'},
                       {123'{',126'~'}
                     },
                     {
                       {32' ',126'~'}
                     },
                     {
                       {32' ',126'~'},
                       {32' ',32' '},
                       {9,9},
                       {10,10},
                       {13,13},
                       {8,8},
                       {7,7}
                     },
                     {
                       {97'a',122'z'}
                     },
                     {
                       {65'A',90'Z'}
                     },
                     {
                       {48'0',57'9'},
                       {97'a',122'z'},
                       {65'A',90'Z'}
                     },
                     {
                       {48'0',57'9'},
                       {97'a',122'z'},
                       {65'A',90'Z'},
                       {95'_',95'_'}
                     },
                     {
                       {97'a',122'z'},
                       {65'A',90'Z'}
                     },
                     {
                       {0,127''}
                     },
                     {
                       {0,31},
                       {127'',127''}
                     },
                     {
                       {48'0',57'9'}
                     },
                     {
                       {33'!',126'~'}
                     },
                     {
                       {0,255}
                     },
                     {95'_'},
                     {1,0}
                   }

 C:\euphoria-40\include\std\machine.e:
    FREE_ARRAY_RID = 2
    page_size = 4096
    kernel_dll = 1964900352
    memDLL_id = 1964900352
    VirtualAlloc_rid = 43'+'
    VirtualProtect_rid = 44','
    GetLastError_rid = 46'.'
    GetSystemInfo_rid = 47'/'
    vaa = <no value>
    system_info_ptr = <no value>
    oldprotptr = 53002432

 C:\euphoria-40\include\std\convert.e:
    mem = 53002464
    decimal_mark = 46'.'

 C:\euphoria-40\include\std\pretty.e:
    pretty_end_col = 78'N'
    pretty_chars = 1
    pretty_start_col = 1
    pretty_level = 0
    pretty_file = 3
    pretty_ascii = 2
    pretty_indent = 2
    pretty_ascii_min = 32' '
    pretty_ascii_max = 127''
    pretty_line_count = 131
    pretty_line_max = 1000000000
    pretty_dots = 0
    pretty_line_breaks = 1
    pretty_printing = 1
    pretty_fp_format = {37'%',46'.',49'1',48'0',103'g'}
    pretty_int_format = {37'%',100'd'}
    pretty_line = {125'}'}

 C:\euphoria-40\include\std\serialize.e:
    mem0 = 53002496
    mem1 = 53002497
    mem2 = 53002498
    mem3 = 53002499
    f80 = 0
    f64 = 0
    F80_TO_ATOM = 0
    i64 = 0
    PEEK8S = 0

 C:\euphoria-40\include\std\text.e:
    lower_case_SET = {}
    upper_case_SET = {}
    encoding_NAME = {65'A',83'S',67'C',73'I',73'I'}
    user32 = 1994194944
    api_CharLowerBuff = 158
    api_CharUpperBuff = 159
    tm_size = 1024
    temp_mem = 50876496

 C:\euphoria-40\include\std\io.e:
    mem0 = 53002528
    mem1 = 53002529
    mem2 = 53002530
    mem3 = 53002531

 C:\euphoria-40\include\std\get.e:
    input_file = 3
    input_string = 0
    string_next = 1
    ch = 10
    leading_whitespace = <no value>

 C:\euphoria-40\include\std\datetime.e:
    month_names = {
                    {74'J',97'a',110'n',117'u',97'a',114'r',121'y'},
                    {70'F',101'e',98'b',114'r',117'u',97'a',114'r',121'y'},
                    {77'M',97'a',114'r',99'c',104'h'},
                    {65'A',112'p',114'r',105'i',108'l'},
                    {77'M',97'a',121'y'},
                    {74'J',117'u',110'n',101'e'},
                    {74'J',117'u',108'l',121'y'},
                    {65'A',117'u',103'g',117'u',115's',116't'},
                    {83'S',101'e',112'p',116't',101'e',109'm',98'b',101'e',
114'r'},
                    {79'O',99'c',116't',111'o',98'b',101'e',114'r'},
                    {78'N',111'o',118'v',101'e',109'm',98'b',101'e',114'r'},
                    {68'D',101'e',99'c',101'e',109'm',98'b',101'e',114'r'}
                  }
    month_abbrs = {
                    {74'J',97'a',110'n'},
                    {70'F',101'e',98'b'},
                    {77'M',97'a',114'r'},
                    {65'A',112'p',114'r'},
                    {77'M',97'a',121'y'},
                    {74'J',117'u',110'n'},
                    {74'J',117'u',108'l'},
                    {65'A',117'u',103'g'},
                    {83'S',101'e',112'p'},
                    {79'O',99'c',116't'},
                    {78'N',111'o',118'v'},
                    {68'D',101'e',99'c'}
                  }
    day_names = {
                  {83'S',117'u',110'n',100'd',97'a',121'y'},
                  {77'M',111'o',110'n',100'd',97'a',121'y'},
                  {84'T',117'u',101'e',115's',100'd',97'a',121'y'},
                  {87'W',101'e',100'd',110'n',101'e',115's',100'd',97'a',
121'y'},
                  {84'T',104'h',117'u',114'r',115's',100'd',97'a',121'y'},
                  {70'F',114'r',105'i',100'd',97'a',121'y'},
                  {83'S',97'a',116't',117'u',114'r',100'd',97'a',121'y'}
                }
    day_abbrs = {
                  {83'S',117'u',110'n'},
                  {77'M',111'o',110'n'},
                  {84'T',117'u',101'e'},
                  {87'W',101'e',100'd'},
                  {84'T',104'h',117'u'},
                  {70'F',114'r',105'i'},
                  {83'S',97'a',116't'}
                }
    ampm = {
             {65'A',77'M'},
             {80'P',77'M'}
           }

 C:\euphoria-40\include\std\filesys.e:
    my_dir = -2
    InitCurDir = {67'C',58':',92'\',101'e',117'u',112'p',104'h',111'o',114'r',
105'i',97'a',45'-',52'4',48'0',92'\',105'i',110'n',99'c',108'l',117'u',100'd',
101'e',92'\'}
    file_counters = {}

 C:\euphoria-40\work\win32\win32api_unicode\BoardView\..\commdlg.ew:
    pCustomColor = 50541200
    pLogFont = 51565216
    pChooseFont = 51354288
    pPRTDLG = 51564784

 C:\euphoria-40\work\win32\win32api_unicode\BoardView\..\windows.ew:
    controls = {
                 {
                   {66'B',85'U',84'T',84'T',79'O',78'N'},
                   1342242816,
                   0
                 },
                 {
                   {66'B',85'U',84'T',84'T',79'O',78'N'},
                   1342242817,
                   0
                 },
                 {
                   {66'B',85'U',84'T',84'T',79'O',78'N'},
                   1342177282,
                   0
                 },
                 {
                   {66'B',85'U',84'T',84'T',79'O',78'N'},
                   1342177283,
                   0
                 },
                 {
                   {66'B',85'U',84'T',84'T',79'O',78'N'},
                   1342177284,
                   0
                 },
                 {
                   {66'B',85'U',84'T',84'T',79'O',78'N'},
                   1342177287,
                   0
                 },
                 {
                   {83'S',84'T',65'A',84'T',73'I',67'C'},
                   1342177292,
                   0
                 },
                 {
                   {83'S',84'T',65'A',84'T',73'I',67'C'},
                   1342177282,
                   0
                 },
                 {
                   {83'S',84'T',65'A',84'T',73'I',67'C'},
                   1342177281,
                   0
                 },
                 {
                   {69'E',68'D',73'I',84'T'},
                   1342242944,
                   0
                 },
                 {
                   {69'E',68'D',73'I',84'T'},
                   1344344132,
                   0
                 },
                 {
                   {109'm',115's',99'c',116't',108'l',115's',95'_',115's',
116't',97'a',116't',117'u',115's',98'b',97'a',114'r',51'3',50'2'},
                   1342177280,
                   0
                 },
                 {
                   {109'm',115's',99'c',116't',108'l',115's',95'_',117'u',
112'p',100'd',111'o',119'w',110'n',51'3',50'2'},
                   1342177299,
                   0
                 },
                 {
                   {69'E',68'D',73'I',84'T'},
                   1342179328,
                   0
                 },
                 {
                   {69'E',68'D',73'I',84'T'},
                   1342179396,
                   0
                 },
                 {
                   {76'L',73'I',83'S',84'T',66'B',79'O',88'X'},
                   1352732675,
                   0
                 },
                 {},
                 {
                   {84'T',111'o',111'o',108'l',98'b',97'a',114'r',87'W',
105'i',110'n',100'd',111'o',119'w',51'3',50'2'},
                   1342177280,
                   0
                 },
                 {},
                 {
                   {83'S',121'y',115's',84'T',97'a',98'b',67'C',111'o',110'n',
116't',114'r',111'o',108'l',51'3',50'2'},
                   1342210048,
                   0
                 },
                 {
                   {76'L',73'I',83'S',84'T',66'B',79'O',88'X'},
                   1352732683,
                   0
                 },
                 {
                   {76'L',73'I',83'S',84'T',66'B',79'O',88'X'},
                   1344344065,
                   0
                 },
                 {
                   {116't',111'o',111'o',108'l',116't',105'i',112'p',115's',
95'_',99'c',108'l',97'a',115's',115's',51'3',50'2'},
                   2147483713,
                   0
                 },
                 {
                   {83'S',84'T',65'A',84'T',73'I',67'C'},
                   1350697486,
                   0
                 }
               }
    window_style = {
                     {13565952,0},
                     {9043968,0},
                     {2429026308,0}
                   }
    application_class_name = {66'B',111'o',97'a',114'r',100'd',86'V',105'i',
101'e',119'w'}
    application_class_id = 49770
    hGlobal = 48787472

 C:\euphoria-40\work\win32\win32api_unicode\BoardView\..\print.ew:
    ok = 0

 C:\euphoria-40\include\std\eumem.e:
    ram_space = {}
    ram_free_list = 0
    free_rid = 6

 C:\euphoria-40\include\std\primes.e:
    list_of_primes = {2,3}

 C:\euphoria-40\include\std\map.e:
    threshold_size = 23

 C:\euphoria-40\work\win32\win32api_unicode\BoardView\BoardView-intl.e:
    user_lang = 2

 C:\euphoria-40\work\win32\win32api_unicode\BoardView\BoardView-dlgs.e:
    ResPath = {67'C',58':',92'\',101'e',117'u',112'p',104'h',111'o',114'r',
105'i',97'a',45'-',52'4',48'0',92'\',119'w',111'o',114'r',107'k',92'\',119'w',
105'i',110'n',51'3',50'2',92'\',119'w',105'i',110'n',51'3',50'2',97'a',112'p',
105'i',95'_',117'u',110'n',105'i',99'c',111'o',100'd',101'e',92'\',66'B',
111'o',97'a',114'r',100'd',86'V',105'i',101'e',119'w',92'\',114'r',101'e',
115's',111'o',117'u',114'r',99'c',101'e',115's',92'\'}
    ProtoboardList = {
                       {
                         {115's',109'm',97'a',108'l',108'l'},
                         {109'm',101'e',100'd',105'i',117'u',109'm'},
                         {108'l',97'a',114'r',103'g',101'e'}
                       },
                       {
                         {112'p',114'r',111'o',116't',111'o',98'b',111'o',
97'a',114'r',100'd',45'-',115's',109'm',97'a',108'l',108'l',46'.',98'b',
109'm',112'p'},
                         {112'p',114'r',111'o',116't',111'o',98'b',111'o',
97'a',114'r',100'd',45'-',109'm',101'e',100'd',105'i',117'u',109'm',46'.',
98'b',109'm',112'p'},
                         {112'p',114'r',111'o',116't',111'o',98'b',111'o',
97'a',114'r',100'd',45'-',108'l',97'a',114'r',103'g',101'e',46'.',98'b',
109'm',112'p'}
                       }
                     }
    tag = {{},0,0}
    FontList = {{},{}}
    DefaultFont = {65'A',114'r',105'i',97'a',108'l'}
    font = 0
    ComponentsList = {
                       {
                         {101'e',108'l',101'e',99'c',116't',114'r',111'o',
45'-',109'm',97'a',99'c',104'h',97'a',110'n',105'i',99'c',97'a',108'l'},
                         {105'i',110'n',116't',101'e',103'g',114'r',97'a',
116't',101'e',100'd',32' ',99'c',105'i',114'r',99'c',117'u',105'i',116't'},
                         {111'o',112'p',116't',111'o'},
                         {111'o',116't',104'h',101'e',114'r'},
                         {112'p',97'a',115's',115's',105'i',118'v',101'e'},
                         {115's',101'e',109'm',105'i',45'-',99'c',111'o',
110'n',100'd',117'u',116't',111'o',114'r',115's'},
                         {116't',114'r',97'a',110'n',115's',105'i',115's',
116't',111'o',114'r'}
                       },
                       {
                         {
                           {99'c',114'r',121'y',115's',116't',97'a',108'l'},
                           {99'c',114'r',121'y',115's',116't',97'a',108'l',
32' ',115's',105'i',100'd',101'e',32' ',118'v',105'i',101'e',119'w'},
                           {109'm',105'i',99'c',114'r',111'o',112'p',104'h',
111'o',110'n',101'e'},
                           {109'm',111'o',116't',111'o',114'r',32' ',68'D',
67'C'},
                           {112'p',105'i',101'e',122'z',111'o',32' ',115's',
112'p',101'e',97'a',107'k',101'e',114'r'},
                           {112'p',117'u',115's',104'h',32' ',98'b',117'u',
116't',116't',111'o',110'n'},
                           {114'r',101'e',101'e',100'd',32' ',114'r',101'e',
108'l',97'a',121'y'},
                           {115's',101'e',114'r',118'v',111'o',32' ',109'm',
111'o',116't',111'o',114'r'},
                           {115's',112'p',101'e',97'a',107'k',101'e',114'r'},
                           {116't',111'o',103'g',103'g',108'l',101'e',32' ',
115's',119'w',105'i',116't',99'c',104'h',32' ',83'S',80'P',83'S',84'T'}
                         },
                         {
                           {68'D',73'I',76'L',32' ',49'1',52'4'},
                           {68'D',73'I',76'L',32' ',49'1',54'6'},
                           {68'D',73'I',76'L',32' ',49'1',56'8'},
                           {68'D',73'I',76'L',32' ',50'2',48'0'},
                           {68'D',73'I',76'L',32' ',50'2',50'2'},
                           {68'D',73'I',76'L',32' ',50'2',52'4'},
                           {68'D',73'I',76'L',32' ',50'2',56'8'},
                           {68'D',73'I',76'L',32' ',52'4',48'0'},
                           {68'D',73'I',76'L',32' ',56'8'}
                         },
                         {
                           {98'b',108'l',117'u',101'e',32' ',76'L',69'E',
68'D'},
                           {98'b',108'l',117'u',101'e',32' ',76'L',69'E',
68'D',32' ',115's',105'i',100'd',101'e',32' ',118'v',105'i',101'e',119'w'},
                           {103'g',114'r',101'e',101'e',110'n',32' ',76'L',
69'E',68'D'},
                           {103'g',114'r',101'e',101'e',110'n',32' ',76'L',
69'E',68'D',32' ',115's',105'i',100'd',101'e',32' ',118'v',105'i',101'e',
119'w'},
                           {112'p',104'h',111'o',116't',111'o',99'c',101'e',
108'l',108'l'},
                           {114'r',101'e',100'd',32' ',76'L',69'E',68'D'},
                           {114'r',101'e',100'd',32' ',76'L',69'E',68'D',
32' ',115's',105'i',100'd',101'e',32' ',118'v',105'i',101'e',119'w'},
                           {114'r',103'g',98'b',32' ',76'L',69'E',68'D'},
                           {114'r',103'g',98'b',32' ',76'L',69'E',68'D',
32' ',115's',105'i',100'd',101'e',32' ',118'v',105'i',101'e',119'w'},
                           {119'w',104'h',105'i',116't',101'e',32' ',76'L',
69'E',68'D'},
                           {119'w',104'h',105'i',116't',101'e',32' ',76'L',
69'E',68'D',32' ',115's',105'i',100'd',101'e',32' ',118'v',105'i',101'e',
119'w'},
                           {121'y',101'e',108'l',108'l',111'o',119'w',32' ',
76'L',69'E',68'D'},
                           {121'y',101'e',108'l',108'l',111'o',119'w',32' ',
76'L',69'E',68'D',32' ',115's',105'i',100'd',101'e',32' ',118'v',105'i',
101'e',119'w'}
                         },
                         {
                           {98'b',108'l',97'a',99'c',107'k',32' ',98'b',
111'o',120'x'}
                         },
                         {
                           {99'c',101'e',114'r',97'a',109'm',105'i',99'c',
32' ',99'c',97'a',112'p'},
                           {99'c',101'e',114'r',97'a',109'm',105'i',99'c',
32' ',99'c',97'a',112'p',32' ',115's',105'i',100'd',101'e',32' ',118'v',
105'i',101'e',119'w'},
                           {99'c',101'e',114'r',97'a',109'm',105'i',99'c',
32' ',99'c',97'a',112'p',32' ',115's',109'm',97'a',108'l',108'l'},
                           {101'e',108'l',101'e',99'c',116't',114'r',111'o',
108'l',121'y',116't',105'i',99'c'},
                           {101'e',108'l',101'e',99'c',116't',114'r',111'o',
108'l',121'y',116't',105'i',99'c',32' ',51'3',68'D'},
                           {114'r',101'e',115's',105'i',115's',116't',111'o',
114'r'},
                           {116't',114'r',97'a',110'n',115's',102'f',111'o',
114'r',109'm',101'e',114'r'}
                         },
                         {
                           {100'd',105'i',111'o',100'd',101'e'},
                           {103'g',108'l',97'a',115's',115's',32' ',100'd',
105'i',111'o',100'd',101'e'},
                           {114'r',101'e',99'c',116't',105'i',102'f',105'i',
101'e',114'r',32' ',98'b',114'r',105'i',100'd',103'g',101'e'}
                         },
                         {
                           {84'T',79'O',45'-',50'2',50'2',48'0'},
                           {84'T',79'O',45'-',50'2',50'2',48'0',32' ',102'f',
97'a',99'c',101'e',32' ',118'v',105'i',101'e',119'w'},
                           {84'T',79'O',45'-',57'9',50'2'}
                         }
                       },
                       {
                         {
                           {99'c',114'r',121'y',115's',116't',97'a',108'l',
46'.',98'b',109'm',112'p'},
                           {67'C',58':',92'\',101'e',117'u',112'p',104'h',
111'o',114'r',105'i',97'a',45'-',52'4',48'0',92'\',119'w',111'o',114'r',
107'k',92'\',119'w',105'i',110'n',51'3',50'2',92'\',119'w',105'i',110'n',
51'3',50'2',97'a',112'p',105'i',95'_',117'u',110'n',105'i',99'c',111'o',
100'd',101'e',92'\',112'p',114'r',111'o',116't',111'o',45'-',108'l',97'a',
121'y',111'o',117'u',116't',92'\',114'r',101'e',115's',111'o',117'u',114'r',
99'c',101'e',115's',92'\',99'c',114'r',121'y',115's',116't',97'a',108'l',
45'-',115's',105'i',100'd',101'e',46'.',98'b',109'm',112'p'},
                           {109'm',105'i',99'c',114'r',111'o',112'p',104'h',
111'o',110'n',101'e',45'-',115's',109'm',97'a',108'l',108'l',46'.',98'b',
109'm',112'p'},
                           {67'C',58':',92'\',101'e',117'u',112'p',104'h',
111'o',114'r',105'i',97'a',45'-',52'4',48'0',92'\',119'w',111'o',114'r',
107'k',92'\',119'w',105'i',110'n',51'3',50'2',92'\',119'w',105'i',110'n',
51'3',50'2',97'a',112'p',105'i',95'_',117'u',110'n',105'i',99'c',111'o',
100'd',101'e',92'\',112'p',114'r',111'o',116't',111'o',45'-',108'l',97'a',
121'y',111'o',117'u',116't',92'\',114'r',101'e',115's',111'o',117'u',114'r',
99'c',101'e',115's',92'\',109'm',111'o',116't',111'o',114'r',46'.',98'b',
109'm',112'p'},
                           {112'p',105'i',101'e',122'z',111'o',46'.',98'b',
109'm',112'p'},
                           {112'p',117'u',115's',104'h',45'-',98'b',117'u',
116't',116't',111'o',110'n',46'.',98'b',109'm',112'p'},
                           {67'C',58':',92'\',101'e',117'u',112'p',104'h',
111'o',114'r',105'i',97'a',45'-',52'4',48'0',92'\',119'w',111'o',114'r',
107'k',92'\',119'w',105'i',110'n',51'3',50'2',92'\',119'w',105'i',110'n',
51'3',50'2',97'a',112'p',105'i',95'_',117'u',110'n',105'i',99'c',111'o',
100'd',101'e',92'\',112'p',114'r',111'o',116't',111'o',45'-',108'l',97'a',
121'y',111'o',117'u',116't',92'\',114'r',101'e',115's',111'o',117'u',114'r',
99'c',101'e',115's',92'\',114'r',101'e',101'e',100'd',32' ',114'r',101'e',
108'l',97'a',121'y',46'.',98'b',109'm',112'p'},
                           {115's',101'e',114'r',118'v',111'o',46'.',98'b',
109'm',112'p'},
                           {115's',112'p',101'e',97'a',107'k',101'e',114'r',
46'.',98'b',109'm',112'p'},
                           {67'C',58':',92'\',101'e',117'u',112'p',104'h',
111'o',114'r',105'i',97'a',45'-',52'4',48'0',92'\',119'w',111'o',114'r',
107'k',92'\',119'w',105'i',110'n',51'3',50'2',92'\',119'w',105'i',110'n',
51'3',50'2',97'a',112'p',105'i',95'_',117'u',110'n',105'i',99'c',111'o',
100'd',101'e',92'\',66'B',111'o',97'a',114'r',100'd',86'V',105'i',101'e',
119'w',92'\',114'r',101'e',115's',111'o',117'u',114'r',99'c',101'e',115's',
92'\',116't',111'o',103'g',103'g',108'l',101'e',45'-',115's',112'p',115's',
116't',46'.',98'b',109'm',112'p'}
                         },
                         {
                           {68'D',73'I',76'L',45'-',49'1',52'4',46'.',66'B',
77'M',80'P'},
                           {68'D',73'I',76'L',45'-',49'1',54'6',46'.',66'B',
77'M',80'P'},
                           {68'D',73'I',76'L',45'-',49'1',56'8',46'.',66'B',
77'M',80'P'},
                           {68'D',73'I',76'L',45'-',50'2',48'0',46'.',66'B',
77'M',80'P'},
                           {68'D',73'I',76'L',45'-',50'2',50'2',46'.',66'B',
77'M',80'P'},
                           {68'D',73'I',76'L',45'-',50'2',52'4',46'.',66'B',
77'M',80'P'},
                           {68'D',73'I',76'L',45'-',50'2',56'8',46'.',66'B',
77'M',80'P'},
                           {68'D',73'I',76'L',45'-',52'4',48'0',46'.',66'B',
77'M',80'P'},
                           {68'D',73'I',76'L',45'-',56'8',46'.',66'B',77'M',
80'P'}
                         },
                         {
                           {108'l',101'e',100'd',45'-',98'b',108'l',117'u',
101'e',46'.',98'b',109'm',112'p'},
                           {67'C',58':',92'\',101'e',117'u',112'p',104'h',
111'o',114'r',105'i',97'a',45'-',52'4',48'0',92'\',119'w',111'o',114'r',
107'k',92'\',119'w',105'i',110'n',51'3',50'2',92'\',119'w',105'i',110'n',
51'3',50'2',97'a',112'p',105'i',95'_',117'u',110'n',105'i',99'c',111'o',
100'd',101'e',92'\',112'p',114'r',111'o',116't',111'o',45'-',108'l',97'a',
121'y',111'o',117'u',116't',92'\',114'r',101'e',115's',111'o',117'u',114'r',
99'c',101'e',115's',92'\',108'l',101'e',100'd',45'-',98'b',108'l',117'u',
101'e',45'-',115's',105'i',100'd',101'e',46'.',98'b',109'm',112'p'},
                           {108'l',101'e',100'd',45'-',103'g',114'r',101'e',
101'e',110'n',46'.',98'b',109'm',112'p'},
                           {67'C',58':',92'\',101'e',117'u',112'p',104'h',
111'o',114'r',105'i',97'a',45'-',52'4',48'0',92'\',119'w',111'o',114'r',
107'k',92'\',119'w',105'i',110'n',51'3',50'2',92'\',119'w',105'i',110'n',
51'3',50'2',97'a',112'p',105'i',95'_',117'u',110'n',105'i',99'c',111'o',
100'd',101'e',92'\',112'p',114'r',111'o',116't',111'o',45'-',108'l',97'a',
121'y',111'o',117'u',116't',92'\',114'r',101'e',115's',111'o',117'u',114'r',
99'c',101'e',115's',92'\',108'l',101'e',100'd',45'-',103'g',114'r',101'e',
101'e',110'n',45'-',115's',105'i',100'd',101'e',46'.',98'b',109'm',112'p'},
                           {112'p',104'h',111'o',116't',111'o',99'c',101'e',
108'l',108'l',46'.',98'b',109'm',112'p'},
                           {108'l',101'e',100'd',45'-',114'r',101'e',100'd',
46'.',98'b',109'm',112'p'},
                           {67'C',58':',92'\',101'e',117'u',112'p',104'h',
111'o',114'r',105'i',97'a',45'-',52'4',48'0',92'\',119'w',111'o',114'r',
107'k',92'\',119'w',105'i',110'n',51'3',50'2',92'\',119'w',105'i',110'n',
51'3',50'2',97'a',112'p',105'i',95'_',117'u',110'n',105'i',99'c',111'o',
100'd',101'e',92'\',112'p',114'r',111'o',116't',111'o',45'-',108'l',97'a',
121'y',111'o',117'u',116't',92'\',114'r',101'e',115's',111'o',117'u',114'r',
99'c',101'e',115's',92'\',108'l',101'e',100'd',45'-',114'r',101'e',100'd',
45'-',115's',105'i',100'd',101'e',46'.',98'b',109'm',112'p'},
                           {108'l',101'e',100'd',45'-',114'r',103'g',98'b',
46'.',98'b',109'm',112'p'},
                           {67'C',58':',92'\',101'e',117'u',112'p',104'h',
111'o',114'r',105'i',97'a',45'-',52'4',48'0',92'\',119'w',111'o',114'r',
107'k',92'\',119'w',105'i',110'n',51'3',50'2',92'\',119'w',105'i',110'n',
51'3',50'2',97'a',112'p',105'i',95'_',117'u',110'n',105'i',99'c',111'o',
100'd',101'e',92'\',112'p',114'r',111'o',116't',111'o',45'-',108'l',97'a',
121'y',111'o',117'u',116't',92'\',114'r',101'e',115's',111'o',117'u',114'r',
99'c',101'e',115's',92'\',108'l',101'e',100'd',45'-',114'r',103'g',98'b',
45'-',115's',105'i',100'd',101'e',46'.',98'b',109'm',112'p'},
                           {108'l',101'e',100'd',45'-',119'w',104'h',105'i',
116't',101'e',46'.',98'b',109'm',112'p'},
                           {67'C',58':',92'\',101'e',117'u',112'p',104'h',
111'o',114'r',105'i',97'a',45'-',52'4',48'0',92'\',119'w',111'o',114'r',
107'k',92'\',119'w',105'i',110'n',51'3',50'2',92'\',119'w',105'i',110'n',
51'3',50'2',97'a',112'p',105'i',95'_',117'u',110'n',105'i',99'c',111'o',
100'd',101'e',92'\',112'p',114'r',111'o',116't',111'o',45'-',108'l',97'a',
121'y',111'o',117'u',116't',92'\',114'r',101'e',115's',111'o',117'u',114'r',
99'c',101'e',115's',92'\',108'l',101'e',100'd',45'-',119'w',104'h',105'i',
116't',101'e',45'-',115's',105'i',100'd',101'e',46'.',98'b',109'm',112'p'},
                           {108'l',101'e',100'd',45'-',121'y',101'e',108'l',
108'l',111'o',119'w',46'.',98'b',109'm',112'p'},
                           {67'C',58':',92'\',101'e',117'u',112'p',104'h',
111'o',114'r',105'i',97'a',45'-',52'4',48'0',92'\',119'w',111'o',114'r',
107'k',92'\',119'w',105'i',110'n',51'3',50'2',92'\',119'w',105'i',110'n',
51'3',50'2',97'a',112'p',105'i',95'_',117'u',110'n',105'i',99'c',111'o',
100'd',101'e',92'\',112'p',114'r',111'o',116't',111'o',45'-',108'l',97'a',
121'y',111'o',117'u',116't',92'\',114'r',101'e',115's',111'o',117'u',114'r',
99'c',101'e',115's',92'\',108'l',101'e',100'd',45'-',121'y',101'e',108'l',
108'l',111'o',119'w',45'-',115's',105'i',100'd',101'e',46'.',98'b',109'm',
112'p'}
                         },
                         {
                           {67'C',58':',92'\',101'e',117'u',112'p',104'h',
111'o',114'r',105'i',97'a',45'-',52'4',48'0',92'\',119'w',111'o',114'r',
107'k',92'\',119'w',105'i',110'n',51'3',50'2',92'\',119'w',105'i',110'n',
51'3',50'2',97'a',112'p',105'i',95'_',117'u',110'n',105'i',99'c',111'o',
100'd',101'e',92'\',112'p',114'r',111'o',116't',111'o',45'-',108'l',97'a',
121'y',111'o',117'u',116't',92'\',114'r',101'e',115's',111'o',117'u',114'r',
99'c',101'e',115's',92'\',98'b',108'l',97'a',99'c',107'k',32' ',98'b',111'o',
120'x',46'.',98'b',109'm',112'p'}
                         },
                         {
                           {99'c',101'e',114'r',97'a',109'm',105'i',99'c',
46'.',98'b',109'm',112'p'},
                           {67'C',58':',92'\',101'e',117'u',112'p',104'h',
111'o',114'r',105'i',97'a',45'-',52'4',48'0',92'\',119'w',111'o',114'r',
107'k',92'\',119'w',105'i',110'n',51'3',50'2',92'\',119'w',105'i',110'n',
51'3',50'2',97'a',112'p',105'i',95'_',117'u',110'n',105'i',99'c',111'o',
100'd',101'e',92'\',112'p',114'r',111'o',116't',111'o',45'-',108'l',97'a',
121'y',111'o',117'u',116't',92'\',114'r',101'e',115's',111'o',117'u',114'r',
99'c',101'e',115's',92'\',99'c',101'e',114'r',97'a',109'm',105'i',99'c',
32' ',99'c',97'a',112'p',32' ',115's',105'i',100'd',101'e',32' ',118'v',
105'i',101'e',119'w',46'.',98'b',109'm',112'p'},
                           {67'C',58':',92'\',101'e',117'u',112'p',104'h',
111'o',114'r',105'i',97'a',45'-',52'4',48'0',92'\',119'w',111'o',114'r',
107'k',92'\',119'w',105'i',110'n',51'3',50'2',92'\',119'w',105'i',110'n',
51'3',50'2',97'a',112'p',105'i',95'_',117'u',110'n',105'i',99'c',111'o',
100'd',101'e',92'\',112'p',114'r',111'o',116't',111'o',45'-',108'l',97'a',
121'y',111'o',117'u',116't',92'\',114'r',101'e',115's',111'o',117'u',114'r',
99'c',101'e',115's',92'\',99'c',101'e',114'r',97'a',109'm',105'i',99'c',
32' ',99'c',97'a',112'p',32' ',115's',109'm',97'a',108'l',108'l',46'.',98'b',
109'm',112'p'},
                           {101'e',108'l',101'e',99'c',116't',114'r',111'o',
108'l',121'y',116't',105'i',99'c',46'.',98'b',109'm',112'p'},
                           {67'C',58':',92'\',101'e',117'u',112'p',104'h',
111'o',114'r',105'i',97'a',45'-',52'4',48'0',92'\',119'w',111'o',114'r',
107'k',92'\',119'w',105'i',110'n',51'3',50'2',92'\',119'w',105'i',110'n',
51'3',50'2',97'a',112'p',105'i',95'_',117'u',110'n',105'i',99'c',111'o',
100'd',101'e',92'\',112'p',114'r',111'o',116't',111'o',45'-',108'l',97'a',
121'y',111'o',117'u',116't',92'\',114'r',101'e',115's',111'o',117'u',114'r',
99'c',101'e',115's',92'\',101'e',108'l',101'e',99'c',116't',114'r',111'o',
108'l',121'y',116't',105'i',99'c',32' ',51'3',68'D',46'.',98'b',109'm',112'p'},
                           {114'r',101'e',115's',105'i',115's',116't',111'o',
114'r',46'.',98'b',109'm',112'p'},
                           {67'C',58':',92'\',101'e',117'u',112'p',104'h',
111'o',114'r',105'i',97'a',45'-',52'4',48'0',92'\',119'w',111'o',114'r',
107'k',92'\',119'w',105'i',110'n',51'3',50'2',92'\',119'w',105'i',110'n',
51'3',50'2',97'a',112'p',105'i',95'_',117'u',110'n',105'i',99'c',111'o',
100'd',101'e',92'\',112'p',114'r',111'o',116't',111'o',45'-',108'l',97'a',
121'y',111'o',117'u',116't',92'\',114'r',101'e',115's',111'o',117'u',114'r',
99'c',101'e',115's',92'\',116't',114'r',97'a',110'n',115's',102'f',111'o',
114'r',109'm',101'e',114'r',46'.',98'b',109'm',112'p'}
                         },
                         {
                           {100'd',105'i',111'o',100'd',101'e',46'.',98'b',
109'm',112'p'},
                           {103'g',108'l',97'a',115's',115's',45'-',100'd',
105'i',111'o',100'd',101'e',46'.',98'b',109'm',112'p'},
                           {67'C',58':',92'\',101'e',117'u',112'p',104'h',
111'o',114'r',105'i',97'a',45'-',52'4',48'0',92'\',119'w',111'o',114'r',
107'k',92'\',119'w',105'i',110'n',51'3',50'2',92'\',119'w',105'i',110'n',
51'3',50'2',97'a',112'p',105'i',95'_',117'u',110'n',105'i',99'c',111'o',
100'd',101'e',92'\',112'p',114'r',111'o',116't',111'o',45'-',108'l',97'a',
121'y',111'o',117'u',116't',92'\',114'r',101'e',115's',111'o',117'u',114'r',
99'c',101'e',115's',92'\',114'r',101'e',99'c',116't',105'i',102'f',105'i',
101'e',114'r',32' ',98'b',114'r',105'i',100'd',103'g',101'e',46'.',98'b',
109'm',112'p'}
                         },
                         {
                           {84'T',79'O',45'-',50'2',50'2',48'0',46'.',98'b',
109'm',112'p'},
                           {67'C',58':',92'\',101'e',117'u',112'p',104'h',
111'o',114'r',105'i',97'a',45'-',52'4',48'0',92'\',119'w',111'o',114'r',
107'k',92'\',119'w',105'i',110'n',51'3',50'2',92'\',119'w',105'i',110'n',
51'3',50'2',97'a',112'p',105'i',95'_',117'u',110'n',105'i',99'c',111'o',
100'd',101'e',92'\',112'p',114'r',111'o',116't',111'o',45'-',108'l',97'a',
121'y',111'o',117'u',116't',92'\',114'r',101'e',115's',111'o',117'u',114'r',
99'c',101'e',115's',92'\',84'T',79'O',45'-',50'2',50'2',48'0',45'-',115's',
105'i',100'd',101'e',46'.',98'b',109'm',112'p'},
                           {84'T',79'O',45'-',57'9',50'2',46'.',98'b',109'm',
112'p'}
                         }
                       }
                     }
    SelectedComponent = {4,2,0}
    FieldChange = 206
    notes = {}
    Rings = {0,0,0,0}

 C:\euphoria-40\work\win32\win32api_unicode\BoardView\BoardView.exw:
    hMainWnd = 2884686
    hStatusbar = 3211842
    hMenu = 30147417
    hCtxMenu = 5702255
    hProtoboard = 3037006456
    hTagFont = <no value>
    hToolbar = 3081308
    hAccel = 11207805
    AppPath = {67'C',58':',92'\',101'e',117'u',112'p',104'h',111'o',114'r',
105'i',97'a',45'-',52'4',48'0',92'\',119'w',111'o',114'r',107'k',92'\',119'w',
105'i',110'n',51'3',50'2',92'\',119'w',105'i',110'n',51'3',50'2',97'a',112'p',
105'i',95'_',117'u',110'n',105'i',99'c',111'o',100'd',101'e',92'\',66'B',
111'o',97'a',114'r',100'd',86'V',105'i',101'e',119'w',92'\'}
    AppData = {67'C',58':',92'\',85'U',115's',101'e',114'r',115's',92'\',
74'J',97'a',99'c',113'q',117'u',101'e',115's',92'\',68'D',111'o',99'c',117'u',
109'm',101'e',110'n',116't',115's',92'\',66'B',111'o',97'a',114'r',100'd',
86'V',105'i',101'e',119'w',92'\'}
    ProjectName = {}
    statistics = {0,0,0,0}
    modified = 0
    GraphicObjects = {}
    BoardSize = 2
    BoardTop = 56'8'
    BoardLeft = 30
    BoardWidth = 727
    BoardHeight = 241
    UndoStack = {}
    StartPoint = {}
    EndPoint = {}
    TargetPoint = 0
    TargetRect = {181,81'Q',188,88'X'}
    ObjId = 0
    PenColor = 0
    operation = 0
    DrawTarget = 0
    protoboards = {}
    LastRect = {0,0,0,0}


Traced lines leading up to the failure:

C:\euphoria-40\work\win32\win32api_unicode\BoardView\BoardView-dlgs.e:381	        if FieldChange=IDD_SLE_BITMAP or FieldChange=IDD_SLE_COMPONENT then
C:\euphoria-40\work\win32\win32api_unicode\BoardView\BoardView-dlgs.e:382	             FileName = GetText(GetDlgItem(hDlg,IDD_SLE_BITMAP))
C:\euphoria-40\work\win32\win32api_unicode\BoardView\..\winuser.ew:2956	  return c_func(iGetDlgItem,{hDlg,ItemId})
C:\euphoria-40\work\win32\win32api_unicode\BoardView\..\windows.ew:112	   fn_val = SendMessage(hwnd,WM_GETTEXTLENGTH,0,0)
C:\euphoria-40\work\win32\win32api_unicode\BoardView\..\winuser.ew:2925	  return c_func(iSendMessage,{hwnd,msg,wParam,lParam})
C:\euphoria-40\work\win32\win32api_unicode\BoardView\..\windows.ew:113	   if not fn_val then return "" end if
C:\euphoria-40\work\win32\win32api_unicode\BoardView\BoardView-dlgs.e:383	             CompName = GetText(GetDlgItem(hDlg,IDD_SLE_COMPONENT))
C:\euphoria-40\work\win32\win32api_unicode\BoardView\..\winuser.ew:2956	  return c_func(iGetDlgItem,{hDlg,ItemId})
C:\euphoria-40\work\win32\win32api_unicode\BoardView\..\windows.ew:112	   fn_val = SendMessage(hwnd,WM_GETTEXTLENGTH,0,0)
C:\euphoria-40\work\win32\win32api_unicode\BoardView\..\winuser.ew:2925	  return c_func(iSendMessage,{hwnd,msg,wParam,lParam})
C:\euphoria-40\work\win32\win32api_unicode\BoardView\..\windows.ew:113	   if not fn_val then return "" end if
C:\euphoria-40\work\win32\win32api_unicode\BoardView\BoardView-dlgs.e:384	             CatIdx = ListboxGetSelectedIndex(GetDlgItem(hDlg,IDD_CAT_LIST))+1
C:\euphoria-40\work\win32\win32api_unicode\BoardView\..\winuser.ew:2956	  return c_func(iGetDlgItem,{hDlg,ItemId})
C:\euphoria-40\work\win32\win32api_unicode\BoardView\..\windows.ew:542	  return  SendMessage(hList,LB_GETCURSEL,0,0)
C:\euphoria-40\work\win32\win32api_unicode\BoardView\..\winuser.ew:2925	  return c_func(iSendMessage,{hwnd,msg,wParam,lParam})
C:\euphoria-40\work\win32\win32api_unicode\BoardView\BoardView-dlgs.e:385	             CmpIdx = find(CompName,ComponentsList[CMP_NAME][CatIdx])
C:\euphoria-40\work\win32\win32api_unicode\BoardView\BoardView-dlgs.e:386	             if not CmpIdx then
C:\euphoria-40\work\win32\win32api_unicode\BoardView\BoardView-dlgs.e:387	                if MessageBox(lang[user_lang][MB_MSG_SAVECOMPONENT],lang[user_lang][MB_WARNING],MB_YESNO+MB_ICONWARNING)=IDYES then
C:\euphoria-40\work\win32\win32api_unicode\BoardView\..\winuser.ew:3007	   hActiveWindow = GetActiveWindow() 
C:\euphoria-40\work\win32\win32api_unicode\BoardView\..\winuser.ew:2999	  return c_func(iGetActiveWindow,{})
C:\euphoria-40\work\win32\win32api_unicode\BoardView\..\winuser.ew:3008	   pMessage = allocate_unicode(message)
C:\euphoria-40\work\win32\win32api_unicode\BoardView\..\winnls.ew:939	  pMultiByte = allocate_string(string)
C:\euphoria-40\include\machine.e:249	    mem = machine_func(M_ALLOC, length(s) + 1) -- Thanks to Igor
C:\euphoria-40\include\machine.e:250	    if mem then
C:\euphoria-40\include\machine.e:251		poke(mem, s)


